Traceback (most recent call last):
  File "/opt/hostedtoolcache/Python/3.9.19/x64/lib/python3.9/site-packages/jupyter_cache/executors/utils.py", line 58, in single_nb_execution
    executenb(
  File "/opt/hostedtoolcache/Python/3.9.19/x64/lib/python3.9/site-packages/nbclient/client.py", line 1305, in execute
    return NotebookClient(nb=nb, resources=resources, km=km, **kwargs).execute()
  File "/opt/hostedtoolcache/Python/3.9.19/x64/lib/python3.9/site-packages/jupyter_core/utils/__init__.py", line 165, in wrapped
    return loop.run_until_complete(inner)
  File "/opt/hostedtoolcache/Python/3.9.19/x64/lib/python3.9/asyncio/base_events.py", line 647, in run_until_complete
    return future.result()
  File "/opt/hostedtoolcache/Python/3.9.19/x64/lib/python3.9/site-packages/nbclient/client.py", line 705, in async_execute
    await self.async_execute_cell(
  File "/opt/hostedtoolcache/Python/3.9.19/x64/lib/python3.9/site-packages/nbclient/client.py", line 1058, in async_execute_cell
    await self._check_raise_for_error(cell, cell_index, exec_reply)
  File "/opt/hostedtoolcache/Python/3.9.19/x64/lib/python3.9/site-packages/nbclient/client.py", line 914, in _check_raise_for_error
    raise CellExecutionError.from_cell_and_msg(cell, exec_reply_content)
nbclient.exceptions.CellExecutionError: An error occurred while executing the following cell:
------------------
w1 = BandsPlotWidget(bands=[data1], dos=data2, plot_fermilevel = True, show_legend = True, energy_range = {"ymin": -13.0, "ymax": 10.0})
display(w1)
------------------


[0;31m---------------------------------------------------------------------------[0m
[0;31mTraitError[0m                                Traceback (most recent call last)
Cell [0;32mIn[3], line 1[0m
[0;32m----> 1[0m w1 [38;5;241m=[39m [43mBandsPlotWidget[49m[43m([49m[43mbands[49m[38;5;241;43m=[39;49m[43m[[49m[43mdata1[49m[43m][49m[43m,[49m[43m [49m[43mdos[49m[38;5;241;43m=[39;49m[43mdata2[49m[43m,[49m[43m [49m[43mplot_fermilevel[49m[43m [49m[38;5;241;43m=[39;49m[43m [49m[38;5;28;43;01mTrue[39;49;00m[43m,[49m[43m [49m[43mshow_legend[49m[43m [49m[38;5;241;43m=[39;49m[43m [49m[38;5;28;43;01mTrue[39;49;00m[43m,[49m[43m [49m[43menergy_range[49m[43m [49m[38;5;241;43m=[39;49m[43m [49m[43m{[49m[38;5;124;43m"[39;49m[38;5;124;43mymin[39;49m[38;5;124;43m"[39;49m[43m:[49m[43m [49m[38;5;241;43m-[39;49m[38;5;241;43m13.0[39;49m[43m,[49m[43m [49m[38;5;124;43m"[39;49m[38;5;124;43mymax[39;49m[38;5;124;43m"[39;49m[43m:[49m[43m [49m[38;5;241;43m10.0[39;49m[43m}[49m[43m)[49m
[1;32m      2[0m display(w1)

File [0;32m/opt/hostedtoolcache/Python/3.9.19/x64/lib/python3.9/site-packages/widget_bandsplot/__init__.py:34[0m, in [0;36mBandsPlotWidget.__init__[0;34m(self, **kwargs)[0m
[1;32m     29[0m [38;5;28;01mdef[39;00m [38;5;21m__init__[39m(
[1;32m     30[0m     [38;5;28mself[39m,
[1;32m     31[0m     [38;5;241m*[39m[38;5;241m*[39mkwargs,
[1;32m     32[0m ):
[1;32m     33[0m [38;5;250m    [39m[38;5;124;03m"""The traitlets defined above are possible kwargs."""[39;00m
[0;32m---> 34[0m     [38;5;28;43msuper[39;49m[43m([49m[43m)[49m[38;5;241;43m.[39;49m[38;5;21;43m__init__[39;49m[43m([49m[38;5;241;43m*[39;49m[38;5;241;43m*[39;49m[43mkwargs[49m[43m)[49m

File [0;32m/opt/hostedtoolcache/Python/3.9.19/x64/lib/python3.9/site-packages/anywidget/widget.py:61[0m, in [0;36mAnyWidget.__init__[0;34m(self, *args, **kwargs)[0m
[1;32m     56[0m anywidget_traits[_ANYWIDGET_ID_KEY] [38;5;241m=[39m t[38;5;241m.[39mUnicode(
[1;32m     57[0m     [38;5;124mf[39m[38;5;124m"[39m[38;5;132;01m{[39;00m[38;5;28mself[39m[38;5;241m.[39m[38;5;18m__class__[39m[38;5;241m.[39m[38;5;18m__module__[39m[38;5;132;01m}[39;00m[38;5;124m.[39m[38;5;132;01m{[39;00m[38;5;28mself[39m[38;5;241m.[39m[38;5;18m__class__[39m[38;5;241m.[39m[38;5;18m__name__[39m[38;5;132;01m}[39;00m[38;5;124m"[39m
[1;32m     58[0m )[38;5;241m.[39mtag(sync[38;5;241m=[39m[38;5;28;01mTrue[39;00m)
[1;32m     60[0m [38;5;28mself[39m[38;5;241m.[39madd_traits([38;5;241m*[39m[38;5;241m*[39manywidget_traits)
[0;32m---> 61[0m [38;5;28;43msuper[39;49m[43m([49m[43m)[49m[38;5;241;43m.[39;49m[38;5;21;43m__init__[39;49m[43m([49m[38;5;241;43m*[39;49m[43margs[49m[43m,[49m[43m [49m[38;5;241;43m*[39;49m[38;5;241;43m*[39;49m[43mkwargs[49m[43m)[49m
[1;32m     62[0m _register_anywidget_commands([38;5;28mself[39m)

File [0;32m/opt/hostedtoolcache/Python/3.9.19/x64/lib/python3.9/site-packages/ipywidgets/widgets/widget.py:478[0m, in [0;36mWidget.__init__[0;34m(self, **kwargs)[0m
[1;32m    476[0m [38;5;250m[39m[38;5;124;03m"""Public constructor"""[39;00m
[1;32m    477[0m [38;5;28mself[39m[38;5;241m.[39m_model_id [38;5;241m=[39m kwargs[38;5;241m.[39mpop([38;5;124m'[39m[38;5;124mmodel_id[39m[38;5;124m'[39m, [38;5;28;01mNone[39;00m)
[0;32m--> 478[0m [38;5;28;43msuper[39;49m[43m([49m[43mWidget[49m[43m,[49m[43m [49m[38;5;28;43mself[39;49m[43m)[49m[38;5;241;43m.[39;49m[38;5;21;43m__init__[39;49m[43m([49m[38;5;241;43m*[39;49m[38;5;241;43m*[39;49m[43mkwargs[49m[43m)[49m
[1;32m    480[0m Widget[38;5;241m.[39m_call_widget_constructed([38;5;28mself[39m)
[1;32m    481[0m [38;5;28mself[39m[38;5;241m.[39mopen()

File [0;32m/opt/hostedtoolcache/Python/3.9.19/x64/lib/python3.9/site-packages/traitlets/traitlets.py:1355[0m, in [0;36mHasTraits.__init__[0;34m(self, *args, **kwargs)[0m
[1;32m   1353[0m [38;5;28;01mfor[39;00m key, value [38;5;129;01min[39;00m kwargs[38;5;241m.[39mitems():
[1;32m   1354[0m     [38;5;28;01mif[39;00m [38;5;28mself[39m[38;5;241m.[39mhas_trait(key):
[0;32m-> 1355[0m         [38;5;28;43msetattr[39;49m[43m([49m[38;5;28;43mself[39;49m[43m,[49m[43m [49m[43mkey[49m[43m,[49m[43m [49m[43mvalue[49m[43m)[49m
[1;32m   1356[0m         changes[key] [38;5;241m=[39m Bunch(
[1;32m   1357[0m             name[38;5;241m=[39mkey,
[1;32m   1358[0m             old[38;5;241m=[39m[38;5;28;01mNone[39;00m,
[0;32m   (...)[0m
[1;32m   1361[0m             [38;5;28mtype[39m[38;5;241m=[39m[38;5;124m"[39m[38;5;124mchange[39m[38;5;124m"[39m,
[1;32m   1362[0m         )
[1;32m   1363[0m     [38;5;28;01melse[39;00m:
[1;32m   1364[0m         [38;5;66;03m# passthrough args that don't set traits to super[39;00m

File [0;32m/opt/hostedtoolcache/Python/3.9.19/x64/lib/python3.9/site-packages/traitlets/traitlets.py:716[0m, in [0;36mTraitType.__set__[0;34m(self, obj, value)[0m
[1;32m    714[0m [38;5;28;01mif[39;00m [38;5;28mself[39m[38;5;241m.[39mread_only:
[1;32m    715[0m     [38;5;28;01mraise[39;00m TraitError([38;5;124m'[39m[38;5;124mThe [39m[38;5;124m"[39m[38;5;132;01m%s[39;00m[38;5;124m"[39m[38;5;124m trait is read-only.[39m[38;5;124m'[39m [38;5;241m%[39m [38;5;28mself[39m[38;5;241m.[39mname)
[0;32m--> 716[0m [38;5;28;43mself[39;49m[38;5;241;43m.[39;49m[43mset[49m[43m([49m[43mobj[49m[43m,[49m[43m [49m[43mvalue[49m[43m)[49m

File [0;32m/opt/hostedtoolcache/Python/3.9.19/x64/lib/python3.9/site-packages/traitlets/traitlets.py:3635[0m, in [0;36mList.set[0;34m(self, obj, value)[0m
[1;32m   3633[0m     [38;5;28;01mreturn[39;00m [38;5;28msuper[39m()[38;5;241m.[39mset(obj, [value])  [38;5;66;03m# type:ignore[list-item][39;00m
[1;32m   3634[0m [38;5;28;01melse[39;00m:
[0;32m-> 3635[0m     [38;5;28;01mreturn[39;00m [38;5;28;43msuper[39;49m[43m([49m[43m)[49m[38;5;241;43m.[39;49m[43mset[49m[43m([49m[43mobj[49m[43m,[49m[43m [49m[43mvalue[49m[43m)[49m

File [0;32m/opt/hostedtoolcache/Python/3.9.19/x64/lib/python3.9/site-packages/traitlets/traitlets.py:690[0m, in [0;36mTraitType.set[0;34m(self, obj, value)[0m
[1;32m    689[0m [38;5;28;01mdef[39;00m [38;5;21mset[39m([38;5;28mself[39m, obj: HasTraits, value: S) [38;5;241m-[39m[38;5;241m>[39m [38;5;28;01mNone[39;00m:
[0;32m--> 690[0m     new_value [38;5;241m=[39m [38;5;28;43mself[39;49m[38;5;241;43m.[39;49m[43m_validate[49m[43m([49m[43mobj[49m[43m,[49m[43m [49m[43mvalue[49m[43m)[49m
[1;32m    691[0m     [38;5;28;01massert[39;00m [38;5;28mself[39m[38;5;241m.[39mname [38;5;129;01mis[39;00m [38;5;129;01mnot[39;00m [38;5;28;01mNone[39;00m
[1;32m    692[0m     [38;5;28;01mtry[39;00m:

File [0;32m/opt/hostedtoolcache/Python/3.9.19/x64/lib/python3.9/site-packages/traitlets/traitlets.py:722[0m, in [0;36mTraitType._validate[0;34m(self, obj, value)[0m
[1;32m    720[0m     [38;5;28;01mreturn[39;00m value
[1;32m    721[0m [38;5;28;01mif[39;00m [38;5;28mhasattr[39m([38;5;28mself[39m, [38;5;124m"[39m[38;5;124mvalidate[39m[38;5;124m"[39m):
[0;32m--> 722[0m     value [38;5;241m=[39m [38;5;28;43mself[39;49m[38;5;241;43m.[39;49m[43mvalidate[49m[43m([49m[43mobj[49m[43m,[49m[43m [49m[43mvalue[49m[43m)[49m
[1;32m    723[0m [38;5;28;01mif[39;00m obj[38;5;241m.[39m_cross_validation_lock [38;5;129;01mis[39;00m [38;5;28;01mFalse[39;00m:
[1;32m    724[0m     value [38;5;241m=[39m [38;5;28mself[39m[38;5;241m.[39m_cross_validate(obj, value)

File [0;32m/opt/hostedtoolcache/Python/3.9.19/x64/lib/python3.9/site-packages/traitlets/traitlets.py:3478[0m, in [0;36mContainer.validate[0;34m(self, obj, value)[0m
[1;32m   3476[0m     [38;5;28;01massert[39;00m [38;5;28mself[39m[38;5;241m.[39mklass [38;5;129;01mis[39;00m [38;5;129;01mnot[39;00m [38;5;28;01mNone[39;00m
[1;32m   3477[0m     value [38;5;241m=[39m [38;5;28mself[39m[38;5;241m.[39mklass(value)  [38;5;66;03m# type:ignore[call-arg][39;00m
[0;32m-> 3478[0m value [38;5;241m=[39m [38;5;28;43msuper[39;49m[43m([49m[43m)[49m[38;5;241;43m.[39;49m[43mvalidate[49m[43m([49m[43mobj[49m[43m,[49m[43m [49m[43mvalue[49m[43m)[49m
[1;32m   3479[0m [38;5;28;01mif[39;00m value [38;5;129;01mis[39;00m [38;5;28;01mNone[39;00m:
[1;32m   3480[0m     [38;5;28;01mreturn[39;00m value

File [0;32m/opt/hostedtoolcache/Python/3.9.19/x64/lib/python3.9/site-packages/traitlets/traitlets.py:2311[0m, in [0;36mInstance.validate[0;34m(self, obj, value)[0m
[1;32m   2309[0m     [38;5;28;01mreturn[39;00m t[38;5;241m.[39mcast(T, value)
[1;32m   2310[0m [38;5;28;01melse[39;00m:
[0;32m-> 2311[0m     [38;5;28;43mself[39;49m[38;5;241;43m.[39;49m[43merror[49m[43m([49m[43mobj[49m[43m,[49m[43m [49m[43mvalue[49m[43m)[49m

File [0;32m/opt/hostedtoolcache/Python/3.9.19/x64/lib/python3.9/site-packages/traitlets/traitlets.py:831[0m, in [0;36mTraitType.error[0;34m(self, obj, value, error, info)[0m
[1;32m    825[0m [38;5;28;01melse[39;00m:
[1;32m    826[0m     e [38;5;241m=[39m [38;5;124m"[39m[38;5;124mThe [39m[38;5;124m'[39m[38;5;132;01m{}[39;00m[38;5;124m'[39m[38;5;124m trait expected [39m[38;5;132;01m{}[39;00m[38;5;124m, not [39m[38;5;132;01m{}[39;00m[38;5;124m.[39m[38;5;124m"[39m[38;5;241m.[39mformat(
[1;32m    827[0m         [38;5;28mself[39m[38;5;241m.[39mname,
[1;32m    828[0m         info [38;5;129;01mor[39;00m [38;5;28mself[39m[38;5;241m.[39minfo(),
[1;32m    829[0m         describe([38;5;124m"[39m[38;5;124mthe[39m[38;5;124m"[39m, value),
[1;32m    830[0m     )
[0;32m--> 831[0m [38;5;28;01mraise[39;00m TraitError(e)

[0;31mTraitError[0m: The 'energy_range' trait of a BandsPlotWidget instance expected a list, not the dict {'ymin': -13.0, 'ymax': 10.0}.

